<?xml version="1.0" encoding="UTF-8"?>
<!-- Generated by org.testng.reporters.JUnitXMLReporter -->
<testsuite hostname="LTIN3096" ignored="0" name="Test" tests="1" failures="1" timestamp="11 Dec 2022 06:22:41 GMT" time="1.62" errors="0">
  <testcase name="test1" time="1.598" classname="restAssured.EndToEndTest">
    <failure type="java.lang.ClassCastException" message="java.util.ArrayList cannot be cast to java.lang.String">
      <![CDATA[java.lang.ClassCastException: java.util.ArrayList cannot be cast to java.lang.String
at restAssured.EndToEndTest.test1(EndToEndTest.java:29)
... Removed 28 stack frames]]>
    </failure>
  </testcase> <!-- test1 -->
</testsuite> <!-- Test -->
