<?xml version="1.0" encoding="UTF-8"?>
<testsuite name="TestSuite" time="1.604" tests="1" errors="0" skipped="0" failures="1">
  <properties>
[...]
</properties>
  <testcase name="test1" classname="restAssured.EndToEndTest" time="1.604">
    <failure message="java.util.ArrayList cannot be cast to java.lang.String" type="java.lang.ClassCastException">java.lang.ClassCastException: java.util.ArrayList cannot be cast to java.lang.String
	at restAssured.EndToEndTest.test1(EndToEndTest.java:29)
</failure>
    <system-out><![CDATA[Get All Employees
[
  {
    "name": "Pankaj",
    "salary": "11000",
    "id": 1
  },
  {
    "name": "Rob",
    "salary": "3000",
    "id": 6
  },
  {
    "name": "Rob",
    "salary": "3000",
    "id": 7
  },
  {
    "name": "Rob",
    "salary": "3000",
    "id": 8
  },
  {
    "name": "Jhon",
    "salary": "3000",
    "id": 9
  },
  {
    "name": "Eshan",
    "salary": "3000",
    "id": 10
  },
  {
    "name": "Peter",
    "salary": "5000",
    "id": 11
  },
  {
    "name": "Peter",
    "salary": "5000",
    "id": 12
  },
  {
    "name": "Peter",
    "salary": "5000",
    "id": 13
  },
  {
    "name": "Peter",
    "salary": "5000",
    "id": 14
  },
  {
    "name": "Peter",
    "salary": "5000",
    "id": 15
  },
  {
    "name": "Peter",
    "salary": "5000",
    "id": 16
  },
  {
    "name": "Peter",
    "salary": "5000",
    "id": 17
  },
  {
    "name": "Peter",
    "salary": "5000",
    "id": 18
  },
  {
    "name": "Peter",
    "salary": "5000",
    "id": 19
  },
  {
    "name": "Peter",
    "salary": "5000",
    "id": 20
  },
  {
    "id": 21
  },
  {
    "Salary": "5000",
    "name": "Harsh",
    "id": 22
  },
  {
    "Salary": "5000",
    "name": "Harsh",
    "id": 23
  },
  {
    "Salary": "5000",
    "name": "Harsh",
    "id": 24
  },
  {
    "Salary": "5000",
    "name": "Harsh",
    "id": 25
  },
  {
    "Salary": "5000",
    "name": "Harsh",
    "id": 26
  },
  {
    "Salary": "5000",
    "name": "Harsh",
    "id": 27
  },
  {
    "Salary": "5000",
    "name": "Harsh",
    "id": 28
  },
  {
    "Salary": "5000",
    "name": "Harsh",
    "id": 29
  },
  {
    "Salary": "5000",
    "name": "Harsh",
    "id": 30
  },
  {
    "Salary": "5000",
    "name": "Harsh",
    "id": 31
  },
  {
    "Salary": "5000",
    "name": "Harsh",
    "id": 32
  }
]
]]></system-out>
  </testcase>
</testsuite>